CRITICAL - 2022-03-13 20:12:54 --> Class "App\Models\NewsModel" not found
#0 C:\xampp\htdocs\pem6\system\CodeIgniter.php(832): App\Controllers\News->index()
#1 C:\xampp\htdocs\pem6\system\CodeIgniter.php(419): CodeIgniter\CodeIgniter->runController(Object(App\Controllers\News))
#2 C:\xampp\htdocs\pem6\system\CodeIgniter.php(326): CodeIgniter\CodeIgniter->handleRequest(NULL, Object(Config\Cache), false)
#3 C:\xampp\htdocs\pem6\index.php(37): CodeIgniter\CodeIgniter->run()
#4 {main}
CRITICAL - 2022-03-13 20:14:12 --> Undefined variable $newses
#0 C:\xampp\htdocs\pem6\app\Views\News.php(3): CodeIgniter\Debug\Exceptions->errorHandler(2, 'Undefined varia...', 'C:\\xampp\\htdocs...', 3)
#1 C:\xampp\htdocs\pem6\system\View\View.php(210): include('C:\\xampp\\htdocs...')
#2 C:\xampp\htdocs\pem6\system\View\View.php(213): CodeIgniter\View\View->CodeIgniter\View\{closure}()
#3 C:\xampp\htdocs\pem6\system\Common.php(1089): CodeIgniter\View\View->render('news', Array, true)
#4 C:\xampp\htdocs\pem6\app\Controllers\Home.php(9): view('news')
#5 C:\xampp\htdocs\pem6\system\CodeIgniter.php(832): App\Controllers\Home->index()
#6 C:\xampp\htdocs\pem6\system\CodeIgniter.php(419): CodeIgniter\CodeIgniter->runController(Object(App\Controllers\Home))
#7 C:\xampp\htdocs\pem6\system\CodeIgniter.php(326): CodeIgniter\CodeIgniter->handleRequest(NULL, Object(Config\Cache), false)
#8 C:\xampp\htdocs\pem6\index.php(37): CodeIgniter\CodeIgniter->run()
#9 {main}
CRITICAL - 2022-03-13 20:14:27 --> Undefined variable $newses
#0 C:\xampp\htdocs\pem6\app\Views\News.php(3): CodeIgniter\Debug\Exceptions->errorHandler(2, 'Undefined varia...', 'C:\\xampp\\htdocs...', 3)
#1 C:\xampp\htdocs\pem6\system\View\View.php(210): include('C:\\xampp\\htdocs...')
#2 C:\xampp\htdocs\pem6\system\View\View.php(213): CodeIgniter\View\View->CodeIgniter\View\{closure}()
#3 C:\xampp\htdocs\pem6\system\Common.php(1089): CodeIgniter\View\View->render('News', Array, true)
#4 C:\xampp\htdocs\pem6\app\Controllers\Home.php(9): view('News')
#5 C:\xampp\htdocs\pem6\system\CodeIgniter.php(832): App\Controllers\Home->index()
#6 C:\xampp\htdocs\pem6\system\CodeIgniter.php(419): CodeIgniter\CodeIgniter->runController(Object(App\Controllers\Home))
#7 C:\xampp\htdocs\pem6\system\CodeIgniter.php(326): CodeIgniter\CodeIgniter->handleRequest(NULL, Object(Config\Cache), false)
#8 C:\xampp\htdocs\pem6\index.php(37): CodeIgniter\CodeIgniter->run()
#9 {main}
