CRITICAL - 2022-03-21 07:16:04 --> Undefined variable $newses
#0 C:\xampp\htdocs\pem6\app\Views\News.php(3): CodeIgniter\Debug\Exceptions->errorHandler(2, 'Undefined varia...', 'C:\\xampp\\htdocs...', 3)
#1 C:\xampp\htdocs\pem6\system\View\View.php(210): include('C:\\xampp\\htdocs...')
#2 C:\xampp\htdocs\pem6\system\View\View.php(213): CodeIgniter\View\View->CodeIgniter\View\{closure}()
#3 C:\xampp\htdocs\pem6\system\Common.php(1089): CodeIgniter\View\View->render('News', Array, true)
#4 C:\xampp\htdocs\pem6\app\Controllers\Home.php(9): view('News')
#5 C:\xampp\htdocs\pem6\system\CodeIgniter.php(832): App\Controllers\Home->index()
#6 C:\xampp\htdocs\pem6\system\CodeIgniter.php(419): CodeIgniter\CodeIgniter->runController(Object(App\Controllers\Home))
#7 C:\xampp\htdocs\pem6\system\CodeIgniter.php(326): CodeIgniter\CodeIgniter->handleRequest(NULL, Object(Config\Cache), false)
#8 C:\xampp\htdocs\pem6\index.php(37): CodeIgniter\CodeIgniter->run()
#9 {main}
CRITICAL - 2022-03-21 07:17:25 --> Invalid file: barang.php
#0 C:\xampp\htdocs\pem6\system\View\View.php(198): CodeIgniter\Exceptions\FrameworkException::forInvalidFile('barang.php')
#1 C:\xampp\htdocs\pem6\system\Common.php(1089): CodeIgniter\View\View->render('barang', Array, true)
#2 C:\xampp\htdocs\pem6\app\Controllers\Home.php(9): view('barang')
#3 C:\xampp\htdocs\pem6\system\CodeIgniter.php(832): App\Controllers\Home->index()
#4 C:\xampp\htdocs\pem6\system\CodeIgniter.php(419): CodeIgniter\CodeIgniter->runController(Object(App\Controllers\Home))
#5 C:\xampp\htdocs\pem6\system\CodeIgniter.php(326): CodeIgniter\CodeIgniter->handleRequest(NULL, Object(Config\Cache), false)
#6 C:\xampp\htdocs\pem6\index.php(37): CodeIgniter\CodeIgniter->run()
#7 {main}
CRITICAL - 2022-03-21 07:17:52 --> Undefined variable $getBarang
#0 C:\xampp\htdocs\pem6\app\Views\barang_view.php(21): CodeIgniter\Debug\Exceptions->errorHandler(2, 'Undefined varia...', 'C:\\xampp\\htdocs...', 21)
#1 C:\xampp\htdocs\pem6\system\View\View.php(210): include('C:\\xampp\\htdocs...')
#2 C:\xampp\htdocs\pem6\system\View\View.php(213): CodeIgniter\View\View->CodeIgniter\View\{closure}()
#3 C:\xampp\htdocs\pem6\system\Common.php(1089): CodeIgniter\View\View->render('barang_view', Array, true)
#4 C:\xampp\htdocs\pem6\app\Controllers\Home.php(9): view('barang_view')
#5 C:\xampp\htdocs\pem6\system\CodeIgniter.php(832): App\Controllers\Home->index()
#6 C:\xampp\htdocs\pem6\system\CodeIgniter.php(419): CodeIgniter\CodeIgniter->runController(Object(App\Controllers\Home))
#7 C:\xampp\htdocs\pem6\system\CodeIgniter.php(326): CodeIgniter\CodeIgniter->handleRequest(NULL, Object(Config\Cache), false)
#8 C:\xampp\htdocs\pem6\index.php(37): CodeIgniter\CodeIgniter->run()
#9 {main}
CRITICAL - 2022-03-21 07:19:25 --> Undefined variable $getBarang
#0 C:\xampp\htdocs\pem6\app\Views\barang_view.php(21): CodeIgniter\Debug\Exceptions->errorHandler(2, 'Undefined varia...', 'C:\\xampp\\htdocs...', 21)
#1 C:\xampp\htdocs\pem6\system\View\View.php(210): include('C:\\xampp\\htdocs...')
#2 C:\xampp\htdocs\pem6\system\View\View.php(213): CodeIgniter\View\View->CodeIgniter\View\{closure}()
#3 C:\xampp\htdocs\pem6\system\Common.php(1089): CodeIgniter\View\View->render('barang_view', Array, true)
#4 C:\xampp\htdocs\pem6\app\Controllers\Home.php(9): view('barang_view')
#5 C:\xampp\htdocs\pem6\system\CodeIgniter.php(832): App\Controllers\Home->index()
#6 C:\xampp\htdocs\pem6\system\CodeIgniter.php(419): CodeIgniter\CodeIgniter->runController(Object(App\Controllers\Home))
#7 C:\xampp\htdocs\pem6\system\CodeIgniter.php(326): CodeIgniter\CodeIgniter->handleRequest(NULL, Object(Config\Cache), false)
#8 C:\xampp\htdocs\pem6\index.php(37): CodeIgniter\CodeIgniter->run()
#9 {main}
CRITICAL - 2022-03-21 07:20:15 --> Invalid file: barang.php
#0 C:\xampp\htdocs\pem6\system\View\View.php(198): CodeIgniter\Exceptions\FrameworkException::forInvalidFile('barang.php')
#1 C:\xampp\htdocs\pem6\system\Common.php(1089): CodeIgniter\View\View->render('barang', Array, true)
#2 C:\xampp\htdocs\pem6\app\Controllers\Home.php(9): view('barang')
#3 C:\xampp\htdocs\pem6\system\CodeIgniter.php(832): App\Controllers\Home->index()
#4 C:\xampp\htdocs\pem6\system\CodeIgniter.php(419): CodeIgniter\CodeIgniter->runController(Object(App\Controllers\Home))
#5 C:\xampp\htdocs\pem6\system\CodeIgniter.php(326): CodeIgniter\CodeIgniter->handleRequest(NULL, Object(Config\Cache), false)
#6 C:\xampp\htdocs\pem6\index.php(37): CodeIgniter\CodeIgniter->run()
#7 {main}
CRITICAL - 2022-03-21 07:23:47 --> Undefined variable $getBarang
#0 C:\xampp\htdocs\pem6\app\Views\barang_view.php(21): CodeIgniter\Debug\Exceptions->errorHandler(2, 'Undefined varia...', 'C:\\xampp\\htdocs...', 21)
#1 C:\xampp\htdocs\pem6\system\View\View.php(210): include('C:\\xampp\\htdocs...')
#2 C:\xampp\htdocs\pem6\system\View\View.php(213): CodeIgniter\View\View->CodeIgniter\View\{closure}()
#3 C:\xampp\htdocs\pem6\system\Common.php(1089): CodeIgniter\View\View->render('barang_view', Array, true)
#4 C:\xampp\htdocs\pem6\app\Controllers\Home.php(9): view('barang_view')
#5 C:\xampp\htdocs\pem6\system\CodeIgniter.php(832): App\Controllers\Home->index()
#6 C:\xampp\htdocs\pem6\system\CodeIgniter.php(419): CodeIgniter\CodeIgniter->runController(Object(App\Controllers\Home))
#7 C:\xampp\htdocs\pem6\system\CodeIgniter.php(326): CodeIgniter\CodeIgniter->handleRequest(NULL, Object(Config\Cache), false)
#8 C:\xampp\htdocs\pem6\index.php(37): CodeIgniter\CodeIgniter->run()
#9 {main}
CRITICAL - 2022-03-21 07:28:50 --> Undefined variable $getBarang
#0 C:\xampp\htdocs\pem6\app\Views\barang_view.php(21): CodeIgniter\Debug\Exceptions->errorHandler(2, 'Undefined varia...', 'C:\\xampp\\htdocs...', 21)
#1 C:\xampp\htdocs\pem6\system\View\View.php(210): include('C:\\xampp\\htdocs...')
#2 C:\xampp\htdocs\pem6\system\View\View.php(213): CodeIgniter\View\View->CodeIgniter\View\{closure}()
#3 C:\xampp\htdocs\pem6\system\Common.php(1089): CodeIgniter\View\View->render('barang_view', Array, true)
#4 C:\xampp\htdocs\pem6\app\Controllers\Home.php(9): view('barang_view')
#5 C:\xampp\htdocs\pem6\system\CodeIgniter.php(832): App\Controllers\Home->index()
#6 C:\xampp\htdocs\pem6\system\CodeIgniter.php(419): CodeIgniter\CodeIgniter->runController(Object(App\Controllers\Home))
#7 C:\xampp\htdocs\pem6\system\CodeIgniter.php(326): CodeIgniter\CodeIgniter->handleRequest(NULL, Object(Config\Cache), false)
#8 C:\xampp\htdocs\pem6\index.php(37): CodeIgniter\CodeIgniter->run()
#9 {main}
CRITICAL - 2022-03-21 07:30:00 --> Undefined variable $getBarang
#0 C:\xampp\htdocs\pem6\app\Views\barang_view.php(21): CodeIgniter\Debug\Exceptions->errorHandler(2, 'Undefined varia...', 'C:\\xampp\\htdocs...', 21)
#1 C:\xampp\htdocs\pem6\system\View\View.php(210): include('C:\\xampp\\htdocs...')
#2 C:\xampp\htdocs\pem6\system\View\View.php(213): CodeIgniter\View\View->CodeIgniter\View\{closure}()
#3 C:\xampp\htdocs\pem6\system\Common.php(1089): CodeIgniter\View\View->render('barang_view', Array, true)
#4 C:\xampp\htdocs\pem6\app\Controllers\Home.php(9): view('barang_view')
#5 C:\xampp\htdocs\pem6\system\CodeIgniter.php(832): App\Controllers\Home->index()
#6 C:\xampp\htdocs\pem6\system\CodeIgniter.php(419): CodeIgniter\CodeIgniter->runController(Object(App\Controllers\Home))
#7 C:\xampp\htdocs\pem6\system\CodeIgniter.php(326): CodeIgniter\CodeIgniter->handleRequest(NULL, Object(Config\Cache), false)
#8 C:\xampp\htdocs\pem6\index.php(37): CodeIgniter\CodeIgniter->run()
#9 {main}
CRITICAL - 2022-03-21 07:30:22 --> Undefined variable $getBarang
#0 C:\xampp\htdocs\pem6\app\Views\barang_view.php(21): CodeIgniter\Debug\Exceptions->errorHandler(2, 'Undefined varia...', 'C:\\xampp\\htdocs...', 21)
#1 C:\xampp\htdocs\pem6\system\View\View.php(210): include('C:\\xampp\\htdocs...')
#2 C:\xampp\htdocs\pem6\system\View\View.php(213): CodeIgniter\View\View->CodeIgniter\View\{closure}()
#3 C:\xampp\htdocs\pem6\system\Common.php(1089): CodeIgniter\View\View->render('barang_view', Array, true)
#4 C:\xampp\htdocs\pem6\app\Controllers\Home.php(9): view('barang_view')
#5 C:\xampp\htdocs\pem6\system\CodeIgniter.php(832): App\Controllers\Home->index()
#6 C:\xampp\htdocs\pem6\system\CodeIgniter.php(419): CodeIgniter\CodeIgniter->runController(Object(App\Controllers\Home))
#7 C:\xampp\htdocs\pem6\system\CodeIgniter.php(326): CodeIgniter\CodeIgniter->handleRequest(NULL, Object(Config\Cache), false)
#8 C:\xampp\htdocs\pem6\index.php(37): CodeIgniter\CodeIgniter->run()
#9 {main}
CRITICAL - 2022-03-21 07:31:31 --> Undefined variable $getBarang
#0 C:\xampp\htdocs\pem6\app\Views\barang_view.php(21): CodeIgniter\Debug\Exceptions->errorHandler(2, 'Undefined varia...', 'C:\\xampp\\htdocs...', 21)
#1 C:\xampp\htdocs\pem6\system\View\View.php(210): include('C:\\xampp\\htdocs...')
#2 C:\xampp\htdocs\pem6\system\View\View.php(213): CodeIgniter\View\View->CodeIgniter\View\{closure}()
#3 C:\xampp\htdocs\pem6\system\Common.php(1089): CodeIgniter\View\View->render('barang_view', Array, true)
#4 C:\xampp\htdocs\pem6\app\Controllers\Home.php(9): view('barang_view')
#5 C:\xampp\htdocs\pem6\system\CodeIgniter.php(832): App\Controllers\Home->index()
#6 C:\xampp\htdocs\pem6\system\CodeIgniter.php(419): CodeIgniter\CodeIgniter->runController(Object(App\Controllers\Home))
#7 C:\xampp\htdocs\pem6\system\CodeIgniter.php(326): CodeIgniter\CodeIgniter->handleRequest(NULL, Object(Config\Cache), false)
#8 C:\xampp\htdocs\pem6\index.php(37): CodeIgniter\CodeIgniter->run()
#9 {main}
CRITICAL - 2022-03-21 07:33:21 --> Undefined variable $getBarang
#0 C:\xampp\htdocs\pem6\app\Views\barang_view.php(21): CodeIgniter\Debug\Exceptions->errorHandler(2, 'Undefined varia...', 'C:\\xampp\\htdocs...', 21)
#1 C:\xampp\htdocs\pem6\system\View\View.php(210): include('C:\\xampp\\htdocs...')
#2 C:\xampp\htdocs\pem6\system\View\View.php(213): CodeIgniter\View\View->CodeIgniter\View\{closure}()
#3 C:\xampp\htdocs\pem6\system\Common.php(1089): CodeIgniter\View\View->render('barang_view', Array, true)
#4 C:\xampp\htdocs\pem6\app\Controllers\Home.php(9): view('barang_view')
#5 C:\xampp\htdocs\pem6\system\CodeIgniter.php(832): App\Controllers\Home->index()
#6 C:\xampp\htdocs\pem6\system\CodeIgniter.php(419): CodeIgniter\CodeIgniter->runController(Object(App\Controllers\Home))
#7 C:\xampp\htdocs\pem6\system\CodeIgniter.php(326): CodeIgniter\CodeIgniter->handleRequest(NULL, Object(Config\Cache), false)
#8 C:\xampp\htdocs\pem6\index.php(37): CodeIgniter\CodeIgniter->run()
#9 {main}
CRITICAL - 2022-03-21 07:37:05 --> Undefined variable $getBarang
#0 C:\xampp\htdocs\pem6\app\Views\barang_view.php(21): CodeIgniter\Debug\Exceptions->errorHandler(2, 'Undefined varia...', 'C:\\xampp\\htdocs...', 21)
#1 C:\xampp\htdocs\pem6\system\View\View.php(210): include('C:\\xampp\\htdocs...')
#2 C:\xampp\htdocs\pem6\system\View\View.php(213): CodeIgniter\View\View->CodeIgniter\View\{closure}()
#3 C:\xampp\htdocs\pem6\system\Common.php(1089): CodeIgniter\View\View->render('barang_view', Array, true)
#4 C:\xampp\htdocs\pem6\app\Controllers\Home.php(9): view('barang_view')
#5 C:\xampp\htdocs\pem6\system\CodeIgniter.php(832): App\Controllers\Home->index()
#6 C:\xampp\htdocs\pem6\system\CodeIgniter.php(419): CodeIgniter\CodeIgniter->runController(Object(App\Controllers\Home))
#7 C:\xampp\htdocs\pem6\system\CodeIgniter.php(326): CodeIgniter\CodeIgniter->handleRequest(NULL, Object(Config\Cache), false)
#8 C:\xampp\htdocs\pem6\index.php(37): CodeIgniter\CodeIgniter->run()
#9 {main}
CRITICAL - 2022-03-21 07:43:00 --> Undefined variable $getBarang
#0 C:\xampp\htdocs\pem6\app\Views\barang_view.php(21): CodeIgniter\Debug\Exceptions->errorHandler(2, 'Undefined varia...', 'C:\\xampp\\htdocs...', 21)
#1 C:\xampp\htdocs\pem6\system\View\View.php(210): include('C:\\xampp\\htdocs...')
#2 C:\xampp\htdocs\pem6\system\View\View.php(213): CodeIgniter\View\View->CodeIgniter\View\{closure}()
#3 C:\xampp\htdocs\pem6\system\Common.php(1089): CodeIgniter\View\View->render('barang_view', Array, true)
#4 C:\xampp\htdocs\pem6\app\Controllers\Home.php(9): view('barang_view')
#5 C:\xampp\htdocs\pem6\system\CodeIgniter.php(832): App\Controllers\Home->index()
#6 C:\xampp\htdocs\pem6\system\CodeIgniter.php(419): CodeIgniter\CodeIgniter->runController(Object(App\Controllers\Home))
#7 C:\xampp\htdocs\pem6\system\CodeIgniter.php(326): CodeIgniter\CodeIgniter->handleRequest(NULL, Object(Config\Cache), false)
#8 C:\xampp\htdocs\pem6\index.php(37): CodeIgniter\CodeIgniter->run()
#9 {main}
CRITICAL - 2022-03-21 07:47:17 --> Undefined variable $Barang
#0 C:\xampp\htdocs\pem6\app\Views\barang_view.php(21): CodeIgniter\Debug\Exceptions->errorHandler(2, 'Undefined varia...', 'C:\\xampp\\htdocs...', 21)
#1 C:\xampp\htdocs\pem6\system\View\View.php(210): include('C:\\xampp\\htdocs...')
#2 C:\xampp\htdocs\pem6\system\View\View.php(213): CodeIgniter\View\View->CodeIgniter\View\{closure}()
#3 C:\xampp\htdocs\pem6\system\Common.php(1089): CodeIgniter\View\View->render('barang_view', Array, true)
#4 C:\xampp\htdocs\pem6\app\Controllers\Home.php(9): view('barang_view')
#5 C:\xampp\htdocs\pem6\system\CodeIgniter.php(832): App\Controllers\Home->index()
#6 C:\xampp\htdocs\pem6\system\CodeIgniter.php(419): CodeIgniter\CodeIgniter->runController(Object(App\Controllers\Home))
#7 C:\xampp\htdocs\pem6\system\CodeIgniter.php(326): CodeIgniter\CodeIgniter->handleRequest(NULL, Object(Config\Cache), false)
#8 C:\xampp\htdocs\pem6\index.php(37): CodeIgniter\CodeIgniter->run()
#9 {main}
CRITICAL - 2022-03-21 07:49:03 --> Undefined variable $barang
#0 C:\xampp\htdocs\pem6\app\Views\barang_view.php(21): CodeIgniter\Debug\Exceptions->errorHandler(2, 'Undefined varia...', 'C:\\xampp\\htdocs...', 21)
#1 C:\xampp\htdocs\pem6\system\View\View.php(210): include('C:\\xampp\\htdocs...')
#2 C:\xampp\htdocs\pem6\system\View\View.php(213): CodeIgniter\View\View->CodeIgniter\View\{closure}()
#3 C:\xampp\htdocs\pem6\system\Common.php(1089): CodeIgniter\View\View->render('barang_view', Array, true)
#4 C:\xampp\htdocs\pem6\app\Controllers\Home.php(9): view('barang_view')
#5 C:\xampp\htdocs\pem6\system\CodeIgniter.php(832): App\Controllers\Home->index()
#6 C:\xampp\htdocs\pem6\system\CodeIgniter.php(419): CodeIgniter\CodeIgniter->runController(Object(App\Controllers\Home))
#7 C:\xampp\htdocs\pem6\system\CodeIgniter.php(326): CodeIgniter\CodeIgniter->handleRequest(NULL, Object(Config\Cache), false)
#8 C:\xampp\htdocs\pem6\index.php(37): CodeIgniter\CodeIgniter->run()
#9 {main}
CRITICAL - 2022-03-21 07:50:46 --> Invalid file: Barang.php
#0 C:\xampp\htdocs\pem6\system\View\View.php(198): CodeIgniter\Exceptions\FrameworkException::forInvalidFile('Barang.php')
#1 C:\xampp\htdocs\pem6\system\Common.php(1089): CodeIgniter\View\View->render('Barang', Array, true)
#2 C:\xampp\htdocs\pem6\app\Controllers\Home.php(9): view('Barang')
#3 C:\xampp\htdocs\pem6\system\CodeIgniter.php(832): App\Controllers\Home->index()
#4 C:\xampp\htdocs\pem6\system\CodeIgniter.php(419): CodeIgniter\CodeIgniter->runController(Object(App\Controllers\Home))
#5 C:\xampp\htdocs\pem6\system\CodeIgniter.php(326): CodeIgniter\CodeIgniter->handleRequest(NULL, Object(Config\Cache), false)
#6 C:\xampp\htdocs\pem6\index.php(37): CodeIgniter\CodeIgniter->run()
#7 {main}
CRITICAL - 2022-03-21 07:55:58 --> Undefined variable $barang
#0 C:\xampp\htdocs\pem6\app\Views\barang_view.php(21): CodeIgniter\Debug\Exceptions->errorHandler(2, 'Undefined varia...', 'C:\\xampp\\htdocs...', 21)
#1 C:\xampp\htdocs\pem6\system\View\View.php(210): include('C:\\xampp\\htdocs...')
#2 C:\xampp\htdocs\pem6\system\View\View.php(213): CodeIgniter\View\View->CodeIgniter\View\{closure}()
#3 C:\xampp\htdocs\pem6\system\Common.php(1089): CodeIgniter\View\View->render('barang_view', Array, true)
#4 C:\xampp\htdocs\pem6\app\Controllers\Home.php(9): view('barang_view')
#5 C:\xampp\htdocs\pem6\system\CodeIgniter.php(832): App\Controllers\Home->index()
#6 C:\xampp\htdocs\pem6\system\CodeIgniter.php(419): CodeIgniter\CodeIgniter->runController(Object(App\Controllers\Home))
#7 C:\xampp\htdocs\pem6\system\CodeIgniter.php(326): CodeIgniter\CodeIgniter->handleRequest(NULL, Object(Config\Cache), false)
#8 C:\xampp\htdocs\pem6\index.php(37): CodeIgniter\CodeIgniter->run()
#9 {main}
CRITICAL - 2022-03-21 07:56:27 --> Undefined variable $getBarang
#0 C:\xampp\htdocs\pem6\app\Views\barang_view.php(21): CodeIgniter\Debug\Exceptions->errorHandler(2, 'Undefined varia...', 'C:\\xampp\\htdocs...', 21)
#1 C:\xampp\htdocs\pem6\system\View\View.php(210): include('C:\\xampp\\htdocs...')
#2 C:\xampp\htdocs\pem6\system\View\View.php(213): CodeIgniter\View\View->CodeIgniter\View\{closure}()
#3 C:\xampp\htdocs\pem6\system\Common.php(1089): CodeIgniter\View\View->render('barang_view', Array, true)
#4 C:\xampp\htdocs\pem6\app\Controllers\Home.php(9): view('barang_view')
#5 C:\xampp\htdocs\pem6\system\CodeIgniter.php(832): App\Controllers\Home->index()
#6 C:\xampp\htdocs\pem6\system\CodeIgniter.php(419): CodeIgniter\CodeIgniter->runController(Object(App\Controllers\Home))
#7 C:\xampp\htdocs\pem6\system\CodeIgniter.php(326): CodeIgniter\CodeIgniter->handleRequest(NULL, Object(Config\Cache), false)
#8 C:\xampp\htdocs\pem6\index.php(37): CodeIgniter\CodeIgniter->run()
#9 {main}
CRITICAL - 2022-03-21 07:58:41 --> Undefined variable $getBarang
#0 C:\xampp\htdocs\pem6\app\Views\barang_view.php(21): CodeIgniter\Debug\Exceptions->errorHandler(2, 'Undefined varia...', 'C:\\xampp\\htdocs...', 21)
#1 C:\xampp\htdocs\pem6\system\View\View.php(210): include('C:\\xampp\\htdocs...')
#2 C:\xampp\htdocs\pem6\system\View\View.php(213): CodeIgniter\View\View->CodeIgniter\View\{closure}()
#3 C:\xampp\htdocs\pem6\system\Common.php(1089): CodeIgniter\View\View->render('barang_view', Array, true)
#4 C:\xampp\htdocs\pem6\app\Controllers\Home.php(9): view('barang_view')
#5 C:\xampp\htdocs\pem6\system\CodeIgniter.php(832): App\Controllers\Home->index()
#6 C:\xampp\htdocs\pem6\system\CodeIgniter.php(419): CodeIgniter\CodeIgniter->runController(Object(App\Controllers\Home))
#7 C:\xampp\htdocs\pem6\system\CodeIgniter.php(326): CodeIgniter\CodeIgniter->handleRequest(NULL, Object(Config\Cache), false)
#8 C:\xampp\htdocs\pem6\index.php(37): CodeIgniter\CodeIgniter->run()
#9 {main}
CRITICAL - 2022-03-21 07:59:30 --> Undefined variable $getBarang
#0 C:\xampp\htdocs\pem6\app\Views\barang_view.php(21): CodeIgniter\Debug\Exceptions->errorHandler(2, 'Undefined varia...', 'C:\\xampp\\htdocs...', 21)
#1 C:\xampp\htdocs\pem6\system\View\View.php(210): include('C:\\xampp\\htdocs...')
#2 C:\xampp\htdocs\pem6\system\View\View.php(213): CodeIgniter\View\View->CodeIgniter\View\{closure}()
#3 C:\xampp\htdocs\pem6\system\Common.php(1089): CodeIgniter\View\View->render('barang_view', Array, true)
#4 C:\xampp\htdocs\pem6\app\Controllers\Home.php(9): view('barang_view')
#5 C:\xampp\htdocs\pem6\system\CodeIgniter.php(832): App\Controllers\Home->index()
#6 C:\xampp\htdocs\pem6\system\CodeIgniter.php(419): CodeIgniter\CodeIgniter->runController(Object(App\Controllers\Home))
#7 C:\xampp\htdocs\pem6\system\CodeIgniter.php(326): CodeIgniter\CodeIgniter->handleRequest(NULL, Object(Config\Cache), false)
#8 C:\xampp\htdocs\pem6\index.php(37): CodeIgniter\CodeIgniter->run()
#9 {main}
CRITICAL - 2022-03-21 08:00:19 --> Undefined variable $getBarang
#0 C:\xampp\htdocs\pem6\app\Views\barang_view.php(21): CodeIgniter\Debug\Exceptions->errorHandler(2, 'Undefined varia...', 'C:\\xampp\\htdocs...', 21)
#1 C:\xampp\htdocs\pem6\system\View\View.php(210): include('C:\\xampp\\htdocs...')
#2 C:\xampp\htdocs\pem6\system\View\View.php(213): CodeIgniter\View\View->CodeIgniter\View\{closure}()
#3 C:\xampp\htdocs\pem6\system\Common.php(1089): CodeIgniter\View\View->render('barang_view', Array, true)
#4 C:\xampp\htdocs\pem6\app\Controllers\Home.php(9): view('barang_view')
#5 C:\xampp\htdocs\pem6\system\CodeIgniter.php(832): App\Controllers\Home->index()
#6 C:\xampp\htdocs\pem6\system\CodeIgniter.php(419): CodeIgniter\CodeIgniter->runController(Object(App\Controllers\Home))
#7 C:\xampp\htdocs\pem6\system\CodeIgniter.php(326): CodeIgniter\CodeIgniter->handleRequest(NULL, Object(Config\Cache), false)
#8 C:\xampp\htdocs\pem6\index.php(37): CodeIgniter\CodeIgniter->run()
#9 {main}
CRITICAL - 2022-03-21 08:01:05 --> Undefined variable $getBarang
#0 C:\xampp\htdocs\pem6\app\Views\barang_view.php(21): CodeIgniter\Debug\Exceptions->errorHandler(2, 'Undefined varia...', 'C:\\xampp\\htdocs...', 21)
#1 C:\xampp\htdocs\pem6\system\View\View.php(210): include('C:\\xampp\\htdocs...')
#2 C:\xampp\htdocs\pem6\system\View\View.php(213): CodeIgniter\View\View->CodeIgniter\View\{closure}()
#3 C:\xampp\htdocs\pem6\system\Common.php(1089): CodeIgniter\View\View->render('barang_view', Array, true)
#4 C:\xampp\htdocs\pem6\app\Controllers\Home.php(9): view('barang_view')
#5 C:\xampp\htdocs\pem6\system\CodeIgniter.php(832): App\Controllers\Home->index()
#6 C:\xampp\htdocs\pem6\system\CodeIgniter.php(419): CodeIgniter\CodeIgniter->runController(Object(App\Controllers\Home))
#7 C:\xampp\htdocs\pem6\system\CodeIgniter.php(326): CodeIgniter\CodeIgniter->handleRequest(NULL, Object(Config\Cache), false)
#8 C:\xampp\htdocs\pem6\index.php(37): CodeIgniter\CodeIgniter->run()
#9 {main}
CRITICAL - 2022-03-21 08:28:28 --> Undefined variable $getBarang
#0 C:\xampp\htdocs\pem6\app\Views\barang_view.php(21): CodeIgniter\Debug\Exceptions->errorHandler(2, 'Undefined varia...', 'C:\\xampp\\htdocs...', 21)
#1 C:\xampp\htdocs\pem6\system\View\View.php(210): include('C:\\xampp\\htdocs...')
#2 C:\xampp\htdocs\pem6\system\View\View.php(213): CodeIgniter\View\View->CodeIgniter\View\{closure}()
#3 C:\xampp\htdocs\pem6\system\Common.php(1089): CodeIgniter\View\View->render('barang_view', Array, true)
#4 C:\xampp\htdocs\pem6\app\Controllers\Home.php(9): view('barang_view')
#5 C:\xampp\htdocs\pem6\system\CodeIgniter.php(832): App\Controllers\Home->index()
#6 C:\xampp\htdocs\pem6\system\CodeIgniter.php(419): CodeIgniter\CodeIgniter->runController(Object(App\Controllers\Home))
#7 C:\xampp\htdocs\pem6\system\CodeIgniter.php(326): CodeIgniter\CodeIgniter->handleRequest(NULL, Object(Config\Cache), false)
#8 C:\xampp\htdocs\pem6\index.php(37): CodeIgniter\CodeIgniter->run()
#9 {main}
CRITICAL - 2022-03-21 08:30:01 --> Undefined variable $getBarang
#0 C:\xampp\htdocs\pem6\app\Views\barang_view.php(21): CodeIgniter\Debug\Exceptions->errorHandler(2, 'Undefined varia...', 'C:\\xampp\\htdocs...', 21)
#1 C:\xampp\htdocs\pem6\system\View\View.php(210): include('C:\\xampp\\htdocs...')
#2 C:\xampp\htdocs\pem6\system\View\View.php(213): CodeIgniter\View\View->CodeIgniter\View\{closure}()
#3 C:\xampp\htdocs\pem6\system\Common.php(1089): CodeIgniter\View\View->render('barang_view', Array, true)
#4 C:\xampp\htdocs\pem6\app\Controllers\Home.php(9): view('barang_view')
#5 C:\xampp\htdocs\pem6\system\CodeIgniter.php(832): App\Controllers\Home->index()
#6 C:\xampp\htdocs\pem6\system\CodeIgniter.php(419): CodeIgniter\CodeIgniter->runController(Object(App\Controllers\Home))
#7 C:\xampp\htdocs\pem6\system\CodeIgniter.php(326): CodeIgniter\CodeIgniter->handleRequest(NULL, Object(Config\Cache), false)
#8 C:\xampp\htdocs\pem6\index.php(37): CodeIgniter\CodeIgniter->run()
#9 {main}
CRITICAL - 2022-03-21 08:33:27 --> Undefined variable $getBarang
#0 C:\xampp\htdocs\pem6\app\Views\barang_view.php(21): CodeIgniter\Debug\Exceptions->errorHandler(2, 'Undefined varia...', 'C:\\xampp\\htdocs...', 21)
#1 C:\xampp\htdocs\pem6\system\View\View.php(210): include('C:\\xampp\\htdocs...')
#2 C:\xampp\htdocs\pem6\system\View\View.php(213): CodeIgniter\View\View->CodeIgniter\View\{closure}()
#3 C:\xampp\htdocs\pem6\system\Common.php(1089): CodeIgniter\View\View->render('barang_view', Array, true)
#4 C:\xampp\htdocs\pem6\app\Controllers\Home.php(9): view('barang_view')
#5 C:\xampp\htdocs\pem6\system\CodeIgniter.php(832): App\Controllers\Home->index()
#6 C:\xampp\htdocs\pem6\system\CodeIgniter.php(419): CodeIgniter\CodeIgniter->runController(Object(App\Controllers\Home))
#7 C:\xampp\htdocs\pem6\system\CodeIgniter.php(326): CodeIgniter\CodeIgniter->handleRequest(NULL, Object(Config\Cache), false)
#8 C:\xampp\htdocs\pem6\index.php(37): CodeIgniter\CodeIgniter->run()
#9 {main}
CRITICAL - 2022-03-21 08:36:25 --> Undefined variable $getBarang
#0 C:\xampp\htdocs\pem6\app\Views\barang_view.php(21): CodeIgniter\Debug\Exceptions->errorHandler(2, 'Undefined varia...', 'C:\\xampp\\htdocs...', 21)
#1 C:\xampp\htdocs\pem6\system\View\View.php(210): include('C:\\xampp\\htdocs...')
#2 C:\xampp\htdocs\pem6\system\View\View.php(213): CodeIgniter\View\View->CodeIgniter\View\{closure}()
#3 C:\xampp\htdocs\pem6\system\Common.php(1089): CodeIgniter\View\View->render('barang_view', Array, true)
#4 C:\xampp\htdocs\pem6\app\Controllers\Home.php(9): view('barang_view')
#5 C:\xampp\htdocs\pem6\system\CodeIgniter.php(832): App\Controllers\Home->index()
#6 C:\xampp\htdocs\pem6\system\CodeIgniter.php(419): CodeIgniter\CodeIgniter->runController(Object(App\Controllers\Home))
#7 C:\xampp\htdocs\pem6\system\CodeIgniter.php(326): CodeIgniter\CodeIgniter->handleRequest(NULL, Object(Config\Cache), false)
#8 C:\xampp\htdocs\pem6\index.php(37): CodeIgniter\CodeIgniter->run()
#9 {main}
CRITICAL - 2022-03-21 08:39:09 --> Undefined variable $title
#0 C:\xampp\htdocs\pem6\app\Views\header_view.php(4): CodeIgniter\Debug\Exceptions->errorHandler(2, 'Undefined varia...', 'C:\\xampp\\htdocs...', 4)
#1 C:\xampp\htdocs\pem6\system\View\View.php(210): include('C:\\xampp\\htdocs...')
#2 C:\xampp\htdocs\pem6\system\View\View.php(213): CodeIgniter\View\View->CodeIgniter\View\{closure}()
#3 C:\xampp\htdocs\pem6\system\Common.php(1089): CodeIgniter\View\View->render('header_view', Array, true)
#4 C:\xampp\htdocs\pem6\app\Controllers\Home.php(9): view('header_view')
#5 C:\xampp\htdocs\pem6\system\CodeIgniter.php(832): App\Controllers\Home->index()
#6 C:\xampp\htdocs\pem6\system\CodeIgniter.php(419): CodeIgniter\CodeIgniter->runController(Object(App\Controllers\Home))
#7 C:\xampp\htdocs\pem6\system\CodeIgniter.php(326): CodeIgniter\CodeIgniter->handleRequest(NULL, Object(Config\Cache), false)
#8 C:\xampp\htdocs\pem6\index.php(37): CodeIgniter\CodeIgniter->run()
#9 {main}
CRITICAL - 2022-03-21 08:44:22 --> Undefined variable $title
#0 C:\xampp\htdocs\pem6\app\Views\header_view.php(4): CodeIgniter\Debug\Exceptions->errorHandler(2, 'Undefined varia...', 'C:\\xampp\\htdocs...', 4)
#1 C:\xampp\htdocs\pem6\system\View\View.php(210): include('C:\\xampp\\htdocs...')
#2 C:\xampp\htdocs\pem6\system\View\View.php(213): CodeIgniter\View\View->CodeIgniter\View\{closure}()
#3 C:\xampp\htdocs\pem6\system\Common.php(1089): CodeIgniter\View\View->render('header_view', Array, true)
#4 C:\xampp\htdocs\pem6\app\Controllers\Home.php(9): view('header_view')
#5 C:\xampp\htdocs\pem6\system\CodeIgniter.php(832): App\Controllers\Home->index()
#6 C:\xampp\htdocs\pem6\system\CodeIgniter.php(419): CodeIgniter\CodeIgniter->runController(Object(App\Controllers\Home))
#7 C:\xampp\htdocs\pem6\system\CodeIgniter.php(326): CodeIgniter\CodeIgniter->handleRequest(NULL, Object(Config\Cache), false)
#8 C:\xampp\htdocs\pem6\index.php(37): CodeIgniter\CodeIgniter->run()
#9 {main}
CRITICAL - 2022-03-21 09:19:52 --> Class "app\Models\Barang_model" not found
#0 C:\xampp\htdocs\pem6\system\CodeIgniter.php(832): App\Controllers\Barang->index()
#1 C:\xampp\htdocs\pem6\system\CodeIgniter.php(419): CodeIgniter\CodeIgniter->runController(Object(App\Controllers\Barang))
#2 C:\xampp\htdocs\pem6\system\CodeIgniter.php(326): CodeIgniter\CodeIgniter->handleRequest(NULL, Object(Config\Cache), false)
#3 C:\xampp\htdocs\pem6\index.php(37): CodeIgniter\CodeIgniter->run()
#4 {main}
