CRITICAL - 2022-04-04 23:38:23 --> Invalid file: index.php
#0 C:\xampp\htdocs\pem6\system\View\View.php(198): CodeIgniter\Exceptions\FrameworkException::forInvalidFile('index.php')
#1 C:\xampp\htdocs\pem6\system\Common.php(1089): CodeIgniter\View\View->render('index', Array, true)
#2 C:\xampp\htdocs\pem6\app\Controllers\Home.php(9): view('index')
#3 C:\xampp\htdocs\pem6\system\CodeIgniter.php(832): App\Controllers\Home->index()
#4 C:\xampp\htdocs\pem6\system\CodeIgniter.php(419): CodeIgniter\CodeIgniter->runController(Object(App\Controllers\Home))
#5 C:\xampp\htdocs\pem6\system\CodeIgniter.php(326): CodeIgniter\CodeIgniter->handleRequest(NULL, Object(Config\Cache), false)
#6 C:\xampp\htdocs\pem6\index.php(37): CodeIgniter\CodeIgniter->run()
#7 {main}
ERROR - 2022-04-04 23:52:09 --> Unknown column 'id' in 'where clause'
CRITICAL - 2022-04-04 23:52:09 --> Call to a member function getRow() on bool
#0 C:\xampp\htdocs\pem6\system\CodeIgniter.php(832): App\Controllers\Barang->edit('1')
#1 C:\xampp\htdocs\pem6\system\CodeIgniter.php(419): CodeIgniter\CodeIgniter->runController(Object(App\Controllers\Barang))
#2 C:\xampp\htdocs\pem6\system\CodeIgniter.php(326): CodeIgniter\CodeIgniter->handleRequest(NULL, Object(Config\Cache), false)
#3 C:\xampp\htdocs\pem6\index.php(37): CodeIgniter\CodeIgniter->run()
#4 {main}
ERROR - 2022-04-04 23:54:24 --> Unknown column 'id' in 'where clause'
CRITICAL - 2022-04-04 23:54:24 --> Call to a member function getRow() on bool
#0 C:\xampp\htdocs\pem6\system\CodeIgniter.php(832): App\Controllers\Barang->edit('1')
#1 C:\xampp\htdocs\pem6\system\CodeIgniter.php(419): CodeIgniter\CodeIgniter->runController(Object(App\Controllers\Barang))
#2 C:\xampp\htdocs\pem6\system\CodeIgniter.php(326): CodeIgniter\CodeIgniter->handleRequest(NULL, Object(Config\Cache), false)
#3 C:\xampp\htdocs\pem6\index.php(37): CodeIgniter\CodeIgniter->run()
#4 {main}
ERROR - 2022-04-04 23:57:10 --> Unknown column 'id' in 'where clause'
CRITICAL - 2022-04-04 23:57:10 --> Call to a member function getRow() on bool
#0 C:\xampp\htdocs\pem6\system\CodeIgniter.php(832): App\Controllers\Barang->edit('1')
#1 C:\xampp\htdocs\pem6\system\CodeIgniter.php(419): CodeIgniter\CodeIgniter->runController(Object(App\Controllers\Barang))
#2 C:\xampp\htdocs\pem6\system\CodeIgniter.php(326): CodeIgniter\CodeIgniter->handleRequest(NULL, Object(Config\Cache), false)
#3 C:\xampp\htdocs\pem6\index.php(37): CodeIgniter\CodeIgniter->run()
#4 {main}
ERROR - 2022-04-04 23:57:16 --> Unknown column 'id' in 'where clause'
CRITICAL - 2022-04-04 23:57:16 --> Call to a member function getRow() on bool
#0 C:\xampp\htdocs\pem6\system\CodeIgniter.php(832): App\Controllers\Barang->edit('2')
#1 C:\xampp\htdocs\pem6\system\CodeIgniter.php(419): CodeIgniter\CodeIgniter->runController(Object(App\Controllers\Barang))
#2 C:\xampp\htdocs\pem6\system\CodeIgniter.php(326): CodeIgniter\CodeIgniter->handleRequest(NULL, Object(Config\Cache), false)
#3 C:\xampp\htdocs\pem6\index.php(37): CodeIgniter\CodeIgniter->run()
#4 {main}
