CRITICAL - 2022-04-18 22:31:42 --> Invalid file: index.php
#0 C:\xampp\htdocs\pem6\system\View\View.php(198): CodeIgniter\Exceptions\FrameworkException::forInvalidFile('index.php')
#1 C:\xampp\htdocs\pem6\system\Common.php(1089): CodeIgniter\View\View->render('index', Array, true)
#2 C:\xampp\htdocs\pem6\app\Controllers\Home.php(9): view('index')
#3 C:\xampp\htdocs\pem6\system\CodeIgniter.php(832): App\Controllers\Home->index()
#4 C:\xampp\htdocs\pem6\system\CodeIgniter.php(419): CodeIgniter\CodeIgniter->runController(Object(App\Controllers\Home))
#5 C:\xampp\htdocs\pem6\system\CodeIgniter.php(326): CodeIgniter\CodeIgniter->handleRequest(NULL, Object(Config\Cache), false)
#6 C:\xampp\htdocs\pem6\index.php(37): CodeIgniter\CodeIgniter->run()
#7 {main}
CRITICAL - 2022-04-18 22:31:44 --> Class "App\Controllers\Pelanggan_model" not found
#0 C:\xampp\htdocs\pem6\system\CodeIgniter.php(832): App\Controllers\user->index()
#1 C:\xampp\htdocs\pem6\system\CodeIgniter.php(419): CodeIgniter\CodeIgniter->runController(Object(App\Controllers\user))
#2 C:\xampp\htdocs\pem6\system\CodeIgniter.php(326): CodeIgniter\CodeIgniter->handleRequest(NULL, Object(Config\Cache), false)
#3 C:\xampp\htdocs\pem6\index.php(37): CodeIgniter\CodeIgniter->run()
#4 {main}
ERROR - 2022-04-18 22:41:05 --> Unknown column 'nama_user' in 'field list'
ERROR - 2022-04-18 22:42:09 --> Unknown column 'nama_user' in 'field list'
CRITICAL - 2022-04-18 22:49:09 --> Class "App\Controllers\level_model" not found
#0 C:\xampp\htdocs\pem6\system\CodeIgniter.php(832): App\Controllers\user->index()
#1 C:\xampp\htdocs\pem6\system\CodeIgniter.php(419): CodeIgniter\CodeIgniter->runController(Object(App\Controllers\user))
#2 C:\xampp\htdocs\pem6\system\CodeIgniter.php(326): CodeIgniter\CodeIgniter->handleRequest(NULL, Object(Config\Cache), false)
#3 C:\xampp\htdocs\pem6\index.php(37): CodeIgniter\CodeIgniter->run()
#4 {main}
CRITICAL - 2022-04-18 22:50:07 --> Class "App\Controllers\level_model" not found
#0 C:\xampp\htdocs\pem6\system\CodeIgniter.php(832): App\Controllers\user->index()
#1 C:\xampp\htdocs\pem6\system\CodeIgniter.php(419): CodeIgniter\CodeIgniter->runController(Object(App\Controllers\user))
#2 C:\xampp\htdocs\pem6\system\CodeIgniter.php(326): CodeIgniter\CodeIgniter->handleRequest(NULL, Object(Config\Cache), false)
#3 C:\xampp\htdocs\pem6\index.php(37): CodeIgniter\CodeIgniter->run()
#4 {main}
CRITICAL - 2022-04-18 22:52:08 --> syntax error, unexpected token "protected"
#0 C:\xampp\htdocs\pem6\system\Autoloader\Autoloader.php(241): CodeIgniter\Autoloader\Autoloader->includeFile('C:\\xampp\\htdocs...')
#1 C:\xampp\htdocs\pem6\system\Autoloader\Autoloader.php(219): CodeIgniter\Autoloader\Autoloader->loadInNamespace('App\\Models\\user...')
#2 C:\xampp\htdocs\pem6\app\Controllers\user.php(10): CodeIgniter\Autoloader\Autoloader->loadClass('App\\Models\\user...')
#3 C:\xampp\htdocs\pem6\system\CodeIgniter.php(832): App\Controllers\user->index()
#4 C:\xampp\htdocs\pem6\system\CodeIgniter.php(419): CodeIgniter\CodeIgniter->runController(Object(App\Controllers\user))
#5 C:\xampp\htdocs\pem6\system\CodeIgniter.php(326): CodeIgniter\CodeIgniter->handleRequest(NULL, Object(Config\Cache), false)
#6 C:\xampp\htdocs\pem6\index.php(37): CodeIgniter\CodeIgniter->run()
#7 {main}
CRITICAL - 2022-04-18 22:59:39 --> You must set the database table to be used with your query.
#0 C:\xampp\htdocs\pem6\app\Models\user_model.php(36): CodeIgniter\Database\BaseConnection->table(NULL)
#1 C:\xampp\htdocs\pem6\app\Controllers\user.php(13): App\Models\user_model->getlevel()
#2 C:\xampp\htdocs\pem6\system\CodeIgniter.php(832): App\Controllers\user->index()
#3 C:\xampp\htdocs\pem6\system\CodeIgniter.php(419): CodeIgniter\CodeIgniter->runController(Object(App\Controllers\user))
#4 C:\xampp\htdocs\pem6\system\CodeIgniter.php(326): CodeIgniter\CodeIgniter->handleRequest(NULL, Object(Config\Cache), false)
#5 C:\xampp\htdocs\pem6\index.php(37): CodeIgniter\CodeIgniter->run()
#6 {main}
CRITICAL - 2022-04-18 23:01:05 --> syntax error, unexpected token "if", expecting ";"
#0 C:\xampp\htdocs\pem6\system\Autoloader\Autoloader.php(241): CodeIgniter\Autoloader\Autoloader->includeFile('C:\\xampp\\htdocs...')
#1 C:\xampp\htdocs\pem6\system\Autoloader\Autoloader.php(219): CodeIgniter\Autoloader\Autoloader->loadInNamespace('App\\Models\\user...')
#2 C:\xampp\htdocs\pem6\app\Controllers\user.php(10): CodeIgniter\Autoloader\Autoloader->loadClass('App\\Models\\user...')
#3 C:\xampp\htdocs\pem6\system\CodeIgniter.php(832): App\Controllers\user->index()
#4 C:\xampp\htdocs\pem6\system\CodeIgniter.php(419): CodeIgniter\CodeIgniter->runController(Object(App\Controllers\user))
#5 C:\xampp\htdocs\pem6\system\CodeIgniter.php(326): CodeIgniter\CodeIgniter->handleRequest(NULL, Object(Config\Cache), false)
#6 C:\xampp\htdocs\pem6\index.php(37): CodeIgniter\CodeIgniter->run()
#7 {main}
CRITICAL - 2022-04-18 23:01:23 --> Undefined array key "id_level"
#0 C:\xampp\htdocs\pem6\app\Views\user_view.php(66): CodeIgniter\Debug\Exceptions->errorHandler(2, 'Undefined array...', 'C:\\xampp\\htdocs...', 66)
#1 C:\xampp\htdocs\pem6\system\View\View.php(210): include('C:\\xampp\\htdocs...')
#2 C:\xampp\htdocs\pem6\system\View\View.php(213): CodeIgniter\View\View->CodeIgniter\View\{closure}()
#3 C:\xampp\htdocs\pem6\system\Common.php(1089): CodeIgniter\View\View->render('user_view', Array, true)
#4 C:\xampp\htdocs\pem6\app\Controllers\user.php(15): view('user_view', Array)
#5 C:\xampp\htdocs\pem6\system\CodeIgniter.php(832): App\Controllers\user->index()
#6 C:\xampp\htdocs\pem6\system\CodeIgniter.php(419): CodeIgniter\CodeIgniter->runController(Object(App\Controllers\user))
#7 C:\xampp\htdocs\pem6\system\CodeIgniter.php(326): CodeIgniter\CodeIgniter->handleRequest(NULL, Object(Config\Cache), false)
#8 C:\xampp\htdocs\pem6\index.php(37): CodeIgniter\CodeIgniter->run()
#9 {main}
CRITICAL - 2022-04-18 23:01:51 --> Undefined array key "id"
#0 C:\xampp\htdocs\pem6\app\Views\user_view.php(66): CodeIgniter\Debug\Exceptions->errorHandler(2, 'Undefined array...', 'C:\\xampp\\htdocs...', 66)
#1 C:\xampp\htdocs\pem6\system\View\View.php(210): include('C:\\xampp\\htdocs...')
#2 C:\xampp\htdocs\pem6\system\View\View.php(213): CodeIgniter\View\View->CodeIgniter\View\{closure}()
#3 C:\xampp\htdocs\pem6\system\Common.php(1089): CodeIgniter\View\View->render('user_view', Array, true)
#4 C:\xampp\htdocs\pem6\app\Controllers\user.php(15): view('user_view', Array)
#5 C:\xampp\htdocs\pem6\system\CodeIgniter.php(832): App\Controllers\user->index()
#6 C:\xampp\htdocs\pem6\system\CodeIgniter.php(419): CodeIgniter\CodeIgniter->runController(Object(App\Controllers\user))
#7 C:\xampp\htdocs\pem6\system\CodeIgniter.php(326): CodeIgniter\CodeIgniter->handleRequest(NULL, Object(Config\Cache), false)
#8 C:\xampp\htdocs\pem6\index.php(37): CodeIgniter\CodeIgniter->run()
#9 {main}
CRITICAL - 2022-04-18 23:02:27 --> Undefined array key "nama_level"
#0 C:\xampp\htdocs\pem6\app\Views\user_view.php(66): CodeIgniter\Debug\Exceptions->errorHandler(2, 'Undefined array...', 'C:\\xampp\\htdocs...', 66)
#1 C:\xampp\htdocs\pem6\system\View\View.php(210): include('C:\\xampp\\htdocs...')
#2 C:\xampp\htdocs\pem6\system\View\View.php(213): CodeIgniter\View\View->CodeIgniter\View\{closure}()
#3 C:\xampp\htdocs\pem6\system\Common.php(1089): CodeIgniter\View\View->render('user_view', Array, true)
#4 C:\xampp\htdocs\pem6\app\Controllers\user.php(15): view('user_view', Array)
#5 C:\xampp\htdocs\pem6\system\CodeIgniter.php(832): App\Controllers\user->index()
#6 C:\xampp\htdocs\pem6\system\CodeIgniter.php(419): CodeIgniter\CodeIgniter->runController(Object(App\Controllers\user))
#7 C:\xampp\htdocs\pem6\system\CodeIgniter.php(326): CodeIgniter\CodeIgniter->handleRequest(NULL, Object(Config\Cache), false)
#8 C:\xampp\htdocs\pem6\index.php(37): CodeIgniter\CodeIgniter->run()
#9 {main}
CRITICAL - 2022-04-18 23:04:37 --> Undefined array key "nama_user"
#0 C:\xampp\htdocs\pem6\app\Views\user_view.php(24): CodeIgniter\Debug\Exceptions->errorHandler(2, 'Undefined array...', 'C:\\xampp\\htdocs...', 24)
#1 C:\xampp\htdocs\pem6\system\View\View.php(210): include('C:\\xampp\\htdocs...')
#2 C:\xampp\htdocs\pem6\system\View\View.php(213): CodeIgniter\View\View->CodeIgniter\View\{closure}()
#3 C:\xampp\htdocs\pem6\system\Common.php(1089): CodeIgniter\View\View->render('user_view', Array, true)
#4 C:\xampp\htdocs\pem6\app\Controllers\user.php(15): view('user_view', Array)
#5 C:\xampp\htdocs\pem6\system\CodeIgniter.php(832): App\Controllers\user->index()
#6 C:\xampp\htdocs\pem6\system\CodeIgniter.php(419): CodeIgniter\CodeIgniter->runController(Object(App\Controllers\user))
#7 C:\xampp\htdocs\pem6\system\CodeIgniter.php(326): CodeIgniter\CodeIgniter->handleRequest(NULL, Object(Config\Cache), false)
#8 C:\xampp\htdocs\pem6\index.php(37): CodeIgniter\CodeIgniter->run()
#9 {main}
CRITICAL - 2022-04-18 23:05:19 --> Undefined array key "id_level"
#0 C:\xampp\htdocs\pem6\app\Views\user_view.php(66): CodeIgniter\Debug\Exceptions->errorHandler(2, 'Undefined array...', 'C:\\xampp\\htdocs...', 66)
#1 C:\xampp\htdocs\pem6\system\View\View.php(210): include('C:\\xampp\\htdocs...')
#2 C:\xampp\htdocs\pem6\system\View\View.php(213): CodeIgniter\View\View->CodeIgniter\View\{closure}()
#3 C:\xampp\htdocs\pem6\system\Common.php(1089): CodeIgniter\View\View->render('user_view', Array, true)
#4 C:\xampp\htdocs\pem6\app\Controllers\user.php(15): view('user_view', Array)
#5 C:\xampp\htdocs\pem6\system\CodeIgniter.php(832): App\Controllers\user->index()
#6 C:\xampp\htdocs\pem6\system\CodeIgniter.php(419): CodeIgniter\CodeIgniter->runController(Object(App\Controllers\user))
#7 C:\xampp\htdocs\pem6\system\CodeIgniter.php(326): CodeIgniter\CodeIgniter->handleRequest(NULL, Object(Config\Cache), false)
#8 C:\xampp\htdocs\pem6\index.php(37): CodeIgniter\CodeIgniter->run()
#9 {main}
CRITICAL - 2022-04-18 23:08:37 --> Call to undefined method CodeIgniter\Database\MySQLi\Connection::select()
#0 C:\xampp\htdocs\pem6\app\Controllers\user.php(13): App\Models\user_model->getlevel()
#1 C:\xampp\htdocs\pem6\system\CodeIgniter.php(832): App\Controllers\user->index()
#2 C:\xampp\htdocs\pem6\system\CodeIgniter.php(419): CodeIgniter\CodeIgniter->runController(Object(App\Controllers\user))
#3 C:\xampp\htdocs\pem6\system\CodeIgniter.php(326): CodeIgniter\CodeIgniter->handleRequest(NULL, Object(Config\Cache), false)
#4 C:\xampp\htdocs\pem6\index.php(37): CodeIgniter\CodeIgniter->run()
#5 {main}
CRITICAL - 2022-04-18 23:08:58 --> Call to undefined method CodeIgniter\Database\MySQLi\Connection::from()
#0 C:\xampp\htdocs\pem6\app\Controllers\user.php(13): App\Models\user_model->getlevel()
#1 C:\xampp\htdocs\pem6\system\CodeIgniter.php(832): App\Controllers\user->index()
#2 C:\xampp\htdocs\pem6\system\CodeIgniter.php(419): CodeIgniter\CodeIgniter->runController(Object(App\Controllers\user))
#3 C:\xampp\htdocs\pem6\system\CodeIgniter.php(326): CodeIgniter\CodeIgniter->handleRequest(NULL, Object(Config\Cache), false)
#4 C:\xampp\htdocs\pem6\index.php(37): CodeIgniter\CodeIgniter->run()
#5 {main}
ERROR - 2022-04-18 23:17:10 --> Unknown column 'nama_user' in 'field list'
CRITICAL - 2022-04-18 23:18:30 --> Undefined array key "nama_user"
#0 C:\xampp\htdocs\pem6\app\Views\user_view.php(24): CodeIgniter\Debug\Exceptions->errorHandler(2, 'Undefined array...', 'C:\\xampp\\htdocs...', 24)
#1 C:\xampp\htdocs\pem6\system\View\View.php(210): include('C:\\xampp\\htdocs...')
#2 C:\xampp\htdocs\pem6\system\View\View.php(213): CodeIgniter\View\View->CodeIgniter\View\{closure}()
#3 C:\xampp\htdocs\pem6\system\Common.php(1089): CodeIgniter\View\View->render('user_view', Array, true)
#4 C:\xampp\htdocs\pem6\app\Controllers\user.php(17): view('user_view', Array)
#5 C:\xampp\htdocs\pem6\system\CodeIgniter.php(832): App\Controllers\user->index()
#6 C:\xampp\htdocs\pem6\system\CodeIgniter.php(419): CodeIgniter\CodeIgniter->runController(Object(App\Controllers\user))
#7 C:\xampp\htdocs\pem6\system\CodeIgniter.php(326): CodeIgniter\CodeIgniter->handleRequest(NULL, Object(Config\Cache), false)
#8 C:\xampp\htdocs\pem6\index.php(37): CodeIgniter\CodeIgniter->run()
#9 {main}
CRITICAL - 2022-04-18 23:18:46 --> Undefined array key "id_level"
#0 C:\xampp\htdocs\pem6\app\Views\user_view.php(25): CodeIgniter\Debug\Exceptions->errorHandler(2, 'Undefined array...', 'C:\\xampp\\htdocs...', 25)
#1 C:\xampp\htdocs\pem6\system\View\View.php(210): include('C:\\xampp\\htdocs...')
#2 C:\xampp\htdocs\pem6\system\View\View.php(213): CodeIgniter\View\View->CodeIgniter\View\{closure}()
#3 C:\xampp\htdocs\pem6\system\Common.php(1089): CodeIgniter\View\View->render('user_view', Array, true)
#4 C:\xampp\htdocs\pem6\app\Controllers\user.php(17): view('user_view', Array)
#5 C:\xampp\htdocs\pem6\system\CodeIgniter.php(832): App\Controllers\user->index()
#6 C:\xampp\htdocs\pem6\system\CodeIgniter.php(419): CodeIgniter\CodeIgniter->runController(Object(App\Controllers\user))
#7 C:\xampp\htdocs\pem6\system\CodeIgniter.php(326): CodeIgniter\CodeIgniter->handleRequest(NULL, Object(Config\Cache), false)
#8 C:\xampp\htdocs\pem6\index.php(37): CodeIgniter\CodeIgniter->run()
#9 {main}
CRITICAL - 2022-04-18 23:22:39 --> Call to undefined method CodeIgniter\Database\MySQLi\Connection::select()
#0 C:\xampp\htdocs\pem6\app\Controllers\user.php(13): App\Models\user_model->getuser()
#1 C:\xampp\htdocs\pem6\system\CodeIgniter.php(832): App\Controllers\user->index()
#2 C:\xampp\htdocs\pem6\system\CodeIgniter.php(419): CodeIgniter\CodeIgniter->runController(Object(App\Controllers\user))
#3 C:\xampp\htdocs\pem6\system\CodeIgniter.php(326): CodeIgniter\CodeIgniter->handleRequest(NULL, Object(Config\Cache), false)
#4 C:\xampp\htdocs\pem6\index.php(37): CodeIgniter\CodeIgniter->run()
#5 {main}
CRITICAL - 2022-04-18 23:23:35 --> Call to undefined method CodeIgniter\Database\MySQLi\Connection::from()
#0 C:\xampp\htdocs\pem6\app\Controllers\user.php(13): App\Models\user_model->getuser()
#1 C:\xampp\htdocs\pem6\system\CodeIgniter.php(832): App\Controllers\user->index()
#2 C:\xampp\htdocs\pem6\system\CodeIgniter.php(419): CodeIgniter\CodeIgniter->runController(Object(App\Controllers\user))
#3 C:\xampp\htdocs\pem6\system\CodeIgniter.php(326): CodeIgniter\CodeIgniter->handleRequest(NULL, Object(Config\Cache), false)
#4 C:\xampp\htdocs\pem6\index.php(37): CodeIgniter\CodeIgniter->run()
#5 {main}
CRITICAL - 2022-04-18 23:24:51 --> Call to undefined method CodeIgniter\Database\MySQLi\Connection::get()
#0 C:\xampp\htdocs\pem6\app\Controllers\user.php(13): App\Models\user_model->getuser()
#1 C:\xampp\htdocs\pem6\system\CodeIgniter.php(832): App\Controllers\user->index()
#2 C:\xampp\htdocs\pem6\system\CodeIgniter.php(419): CodeIgniter\CodeIgniter->runController(Object(App\Controllers\user))
#3 C:\xampp\htdocs\pem6\system\CodeIgniter.php(326): CodeIgniter\CodeIgniter->handleRequest(NULL, Object(Config\Cache), false)
#4 C:\xampp\htdocs\pem6\index.php(37): CodeIgniter\CodeIgniter->run()
#5 {main}
ERROR - 2022-04-18 23:25:05 --> Not unique table/alias: 'user'
CRITICAL - 2022-04-18 23:25:05 --> Call to a member function result() on bool
#0 C:\xampp\htdocs\pem6\app\Controllers\user.php(13): App\Models\user_model->getuser()
#1 C:\xampp\htdocs\pem6\system\CodeIgniter.php(832): App\Controllers\user->index()
#2 C:\xampp\htdocs\pem6\system\CodeIgniter.php(419): CodeIgniter\CodeIgniter->runController(Object(App\Controllers\user))
#3 C:\xampp\htdocs\pem6\system\CodeIgniter.php(326): CodeIgniter\CodeIgniter->handleRequest(NULL, Object(Config\Cache), false)
#4 C:\xampp\htdocs\pem6\index.php(37): CodeIgniter\CodeIgniter->run()
#5 {main}
ERROR - 2022-04-18 23:25:16 --> Not unique table/alias: 'user'
ERROR - 2022-04-18 23:25:55 --> Not unique table/alias: 'user'
CRITICAL - 2022-04-18 23:25:55 --> Undefined array key "nama_level"
#0 C:\xampp\htdocs\pem6\app\Views\user_view.php(25): CodeIgniter\Debug\Exceptions->errorHandler(2, 'Undefined array...', 'C:\\xampp\\htdocs...', 25)
#1 C:\xampp\htdocs\pem6\system\View\View.php(210): include('C:\\xampp\\htdocs...')
#2 C:\xampp\htdocs\pem6\system\View\View.php(213): CodeIgniter\View\View->CodeIgniter\View\{closure}()
#3 C:\xampp\htdocs\pem6\system\Common.php(1089): CodeIgniter\View\View->render('user_view', Array, true)
#4 C:\xampp\htdocs\pem6\app\Controllers\user.php(17): view('user_view', Array)
#5 C:\xampp\htdocs\pem6\system\CodeIgniter.php(832): App\Controllers\user->index()
#6 C:\xampp\htdocs\pem6\system\CodeIgniter.php(419): CodeIgniter\CodeIgniter->runController(Object(App\Controllers\user))
#7 C:\xampp\htdocs\pem6\system\CodeIgniter.php(326): CodeIgniter\CodeIgniter->handleRequest(NULL, Object(Config\Cache), false)
#8 C:\xampp\htdocs\pem6\index.php(37): CodeIgniter\CodeIgniter->run()
#9 {main}
ERROR - 2022-04-18 23:26:42 --> Not unique table/alias: 'user'
CRITICAL - 2022-04-18 23:26:42 --> Call to a member function findAll() on bool
#0 C:\xampp\htdocs\pem6\app\Controllers\user.php(13): App\Models\user_model->getuser()
#1 C:\xampp\htdocs\pem6\system\CodeIgniter.php(832): App\Controllers\user->index()
#2 C:\xampp\htdocs\pem6\system\CodeIgniter.php(419): CodeIgniter\CodeIgniter->runController(Object(App\Controllers\user))
#3 C:\xampp\htdocs\pem6\system\CodeIgniter.php(326): CodeIgniter\CodeIgniter->handleRequest(NULL, Object(Config\Cache), false)
#4 C:\xampp\htdocs\pem6\index.php(37): CodeIgniter\CodeIgniter->run()
#5 {main}
ERROR - 2022-04-18 23:28:41 --> Not unique table/alias: 'user'
CRITICAL - 2022-04-18 23:28:41 --> Call to a member function result() on bool
#0 C:\xampp\htdocs\pem6\app\Controllers\user.php(13): App\Models\user_model->getuser()
#1 C:\xampp\htdocs\pem6\system\CodeIgniter.php(832): App\Controllers\user->index()
#2 C:\xampp\htdocs\pem6\system\CodeIgniter.php(419): CodeIgniter\CodeIgniter->runController(Object(App\Controllers\user))
#3 C:\xampp\htdocs\pem6\system\CodeIgniter.php(326): CodeIgniter\CodeIgniter->handleRequest(NULL, Object(Config\Cache), false)
#4 C:\xampp\htdocs\pem6\index.php(37): CodeIgniter\CodeIgniter->run()
#5 {main}
CRITICAL - 2022-04-18 23:30:26 --> Undefined array key "nama_level"
#0 C:\xampp\htdocs\pem6\app\Views\user_view.php(25): CodeIgniter\Debug\Exceptions->errorHandler(2, 'Undefined array...', 'C:\\xampp\\htdocs...', 25)
#1 C:\xampp\htdocs\pem6\system\View\View.php(210): include('C:\\xampp\\htdocs...')
#2 C:\xampp\htdocs\pem6\system\View\View.php(213): CodeIgniter\View\View->CodeIgniter\View\{closure}()
#3 C:\xampp\htdocs\pem6\system\Common.php(1089): CodeIgniter\View\View->render('user_view', Array, true)
#4 C:\xampp\htdocs\pem6\app\Controllers\user.php(17): view('user_view', Array)
#5 C:\xampp\htdocs\pem6\system\CodeIgniter.php(832): App\Controllers\user->index()
#6 C:\xampp\htdocs\pem6\system\CodeIgniter.php(419): CodeIgniter\CodeIgniter->runController(Object(App\Controllers\user))
#7 C:\xampp\htdocs\pem6\system\CodeIgniter.php(326): CodeIgniter\CodeIgniter->handleRequest(NULL, Object(Config\Cache), false)
#8 C:\xampp\htdocs\pem6\index.php(37): CodeIgniter\CodeIgniter->run()
#9 {main}
